Log file open, 01/24/22 00:34:04
LogInit:Display: Running engine for game: Gra
LogPlatformFile: Not using cached read wrapper
LogInit:Display: RandInit(1788824527) SRandInit(1788824527).
LogTaskGraph: Started task graph with 5 named threads and 8 total threads with 1 sets of task threads.
LogStats: Stats thread started at 0.111415
LogInit: Using libcurl 7.47.1
LogInit:  - built for x86_64-pc-win32
LogInit:  - supports SSL with OpenSSL/1.0.2g
LogInit:  - supports HTTP deflate (compression) using libz 1.2.8
LogInit:  - other features:
LogInit:      CURL_VERSION_SSL
LogInit:      CURL_VERSION_LIBZ
LogInit:      CURL_VERSION_IPV6
LogInit:      CURL_VERSION_ASYNCHDNS
LogInit:      CURL_VERSION_LARGEFILE
LogInit:      CURL_VERSION_IDN
LogInit:  CurlRequestOptions (configurable via config and command line):
LogInit:  - bVerifyPeer = false  - Libcurl will NOT verify peer certificate
LogInit:  - bUseHttpProxy = false  - Libcurl will NOT use HTTP proxy
LogInit:  - bDontReuseConnections = false  - Libcurl will reuse connections
LogInit:  - CertBundlePath = nullptr  - Libcurl will use whatever was configured at build time.
LogInit: Build: ++UE4+Release-4.16-CL-3561208
LogInit: Engine Version: 4.16.3-3561208+++UE4+Release-4.16
LogInit: Compatible Engine Version: 4.16.0-3452394+++UE4+Release-4.16
LogInit: Net CL: 3452394
LogDevObjectVersion: Number of dev versions registered: 16
LogDevObjectVersion:   Dev-Blueprints (B0D832E4-1F89-4F0D-ACCF-7EB736FD4AA2): 9
LogDevObjectVersion:   Dev-Build (E1C64328-A22C-4D53-A36C-8E866417BD8C): 0
LogDevObjectVersion:   Dev-Core (375EC13C-06E4-48FB-B500-84F0262A717E): 2
LogDevObjectVersion:   Dev-Editor (E4B068ED-F494-42E9-A231-DA0B2E46BB41): 17
LogDevObjectVersion:   Dev-Framework (CFFC743F-43B0-4480-9391-14DF171D2073): 23
LogDevObjectVersion:   Dev-Mobile (B02B49B5-BB20-44E9-A304-32B752E40360): 0
LogDevObjectVersion:   Dev-Networking (A4E4105C-59A1-49B5-A7C5-40C4547EDFEE): 0
LogDevObjectVersion:   Dev-Online (39C831C9-5AE6-47DC-9A44-9C173E1C8E7C): 0
LogDevObjectVersion:   Dev-Physics (78F01B33-EBEA-4F98-B9B4-84EACCB95AA2): 0
LogDevObjectVersion:   Dev-Platform (6631380F-2D4D-43E0-8009-CF276956A95A): 0
LogDevObjectVersion:   Dev-Rendering (12F88B9F-8875-4AFC-A67C-D90C383ABD29): 15
LogDevObjectVersion:   Dev-Sequencer (7B5AE74C-D270-4C10-A958-57980B212A5A): 4
LogDevObjectVersion:   Dev-VR (D7296918-1DD6-4BDD-9DE2-64A83CC13884): 0
LogDevObjectVersion:   Dev-LoadTimes (C2A15278-BFE7-4AFE-6C17-90FF531DF755): 1
LogDevObjectVersion:   Private-Geometry (6EACA3D4-40EC-4CC1-B786-8BED09428FC5): 1
LogDevObjectVersion:   Dev-AnimPhys (29E575DD-E0A3-4627-9D10-D276232CDCEA): 3
LogInit: Compiled (64-bit): Jul 28 2017 11:52:15
LogInit: Compiled with Visual C++: 19.00.24215.01
LogInit: Build Configuration: Development
LogInit: Branch Name: ++UE4+Release-4.16
LogInit: Command line:  
LogInit: Base directory: D:/PROJEKTY UE/Gra/Saved/StagedBuilds/WindowsNoEditor/Engine/Binaries/Win64/
LogInit: Installed Engine Build: 0
LogInit: Presizing for max 2097152 objects, including 0 objects not considered by GC, pre-allocating 0 bytes for permanent pool.
LogStreaming:Display: Async Loading initialized: Event Driven Loader: true, Async Loading Thread: false
LogInit: Object subsystem initialized
[2022.01.23-23.34.06:377][  0]LogInit: Selected Device Profile: [WindowsNoEditor]
[2022.01.23-23.34.06:377][  0]LogInit: Applying CVar settings loaded from the selected device profile: [WindowsNoEditor]
[2022.01.23-23.34.06:463][  0]LogInit: Computer: MATID-WINDOWS
[2022.01.23-23.34.06:463][  0]LogInit: User: mateu
[2022.01.23-23.34.06:463][  0]LogInit: CPU Page size=4096, Cores=4
[2022.01.23-23.34.06:484][  0]LogInit: High frequency timer resolution =10.000000 MHz
[2022.01.23-23.34.06:520][  0]LogMemory: Memory total: Physical=15.9GB (16GB approx)
[2022.01.23-23.34.06:520][  0]LogMemory: Platform Memory Stats for WindowsNoEditor
[2022.01.23-23.34.06:520][  0]LogMemory: Process Physical Memory: 93.58 MB used, 93.58 MB peak
[2022.01.23-23.34.06:520][  0]LogMemory: Process Virtual Memory: 102.15 MB used, 102.15 MB peak
[2022.01.23-23.34.06:520][  0]LogMemory: Physical Memory: 8401.56 MB used,  7866.38 MB free, 16267.94 MB total
[2022.01.23-23.34.06:520][  0]LogMemory: Virtual Memory: 4452.77 MB used,  7866.38 MB free, 134217728.00 MB total
[2022.01.23-23.34.09:306][  0]LogInit: Using OS detected language (pl-PL).
[2022.01.23-23.34.09:306][  0]LogInit: Using OS detected locale (pl-PL).
[2022.01.23-23.34.09:336][  0]LogTextLocalizationManager: No localization for 'pl-PL' exists, so 'en' will be used for the language.
[2022.01.23-23.34.09:337][  0]LogTextLocalizationManager: No localization for 'pl-PL' exists, so 'en' will be used for the locale.
[2022.01.23-23.34.10:765][  0]LogD3D11RHI: D3D11 adapters:
[2022.01.23-23.34.10:926][  0]LogD3D11RHI:    0. 'NVIDIA GeForce GTX 1050' (Feature Level 11_0)
[2022.01.23-23.34.10:926][  0]LogD3D11RHI:       4021/0/8133 MB DedicatedVideo/DedicatedSystem/SharedSystem, Outputs:2, VendorId:0x10de
[2022.01.23-23.34.10:971][  0]LogD3D11RHI:    1. 'Intel(R) HD Graphics 630' (Feature Level 11_0)
[2022.01.23-23.34.10:971][  0]LogD3D11RHI:       128/0/8133 MB DedicatedVideo/DedicatedSystem/SharedSystem, Outputs:0, VendorId:0x8086
[2022.01.23-23.34.10:976][  0]LogD3D11RHI:    2. 'Microsoft Basic Render Driver' (Feature Level 11_0)
[2022.01.23-23.34.10:977][  0]LogD3D11RHI:       0/0/8133 MB DedicatedVideo/DedicatedSystem/SharedSystem, Outputs:0, VendorId:0x1414
[2022.01.23-23.34.10:977][  0]LogD3D11RHI: Chosen D3D11 Adapter: 0
[2022.01.23-23.34.11:149][  0]LogD3D11RHI: Creating new Direct3DDevice
[2022.01.23-23.34.11:173][  0]LogD3D11RHI:     GPU DeviceId: 0x1c8d (for the marketing name, search the web for "GPU Device Id")
[2022.01.23-23.34.11:178][  0]LogWindows: EnumDisplayDevices:
[2022.01.23-23.34.11:179][  0]LogWindows:    0. 'Intel(R) HD Graphics 630' (P:0 D:1)
[2022.01.23-23.34.11:184][  0]LogWindows:    1. 'Intel(R) HD Graphics 630' (P:1 D:1)
[2022.01.23-23.34.11:184][  0]LogWindows:    2. 'Intel(R) HD Graphics 630' (P:0 D:0)
[2022.01.23-23.34.11:185][  0]LogWindows: DebugString: GetVideoDriverDetailsInvalid PrimaryIsNotTheChoosenAdapter GetVideoDriverDetailsInvalid PrimaryIsNotTheChoosenAdapter GetVideoDriverDetailsInvalid PrimaryIsNotTheChoosenAdapter FoundDriverCount:0 
[2022.01.23-23.34.11:185][  0]LogD3D11RHI:     Adapter Name: NVIDIA GeForce GTX 1050
[2022.01.23-23.34.11:185][  0]LogD3D11RHI:   Driver Version: Unknown (internal:Unknown, unified:Unknown)
[2022.01.23-23.34.11:185][  0]LogD3D11RHI:      Driver Date: Unknown
[2022.01.23-23.34.11:185][  0]LogRHI: Texture pool is 1361 MB (70% of 1945 MB)
[2022.01.23-23.34.11:486][  0]LogD3D11RHI: Async texture creation enabled
[2022.01.23-23.34.12:243][  0]LogD3D11RHI: GPU Timing Frequency: 1000.000000 (Debug: 2 1)
[2022.01.23-23.34.14:543][  0]LogMaterial: Verifying Global Shaders for PCD3D_SM5
[2022.01.23-23.34.15:025][  0]LogSlate: Using Freetype 2.6.0
[2022.01.23-23.34.15:154][  0]LogSlate: SlateFontCache - WITH_FREETYPE: 1, WITH_HARFBUZZ: 1
[2022.01.23-23.34.15:154][  0]LogSlate: SlateFontCache - WITH_FREETYPE: 1, WITH_HARFBUZZ: 1
[2022.01.23-23.34.18:990][  0]LogAssetRegistry: FAssetRegistry took 0.1901 seconds to start up
[2022.01.23-23.34.26:868][  0]LogPackageLocalizationCache: Processed 4 localized package path(s) for 1 prioritized culture(s) in 0.075089 seconds
[2022.01.23-23.34.27:120][  0]LogInit: Selected Device Profile: [WindowsNoEditor]
[2022.01.23-23.34.27:862][  0]LogContentStreaming: Texture pool size is 1000.00 MB
[2022.01.23-23.34.33:317][  0]LogNetVersion: Gra , NetCL: 3452394, EngineNetVer: 2, GameNetVer: 0 (Checksum: 2670884730)
[2022.01.23-23.34.35:952][  0]LogInit: WinSock: version 1.1 (2.2), MaxSocks=32767, MaxUdp=65467
[2022.01.23-23.34.36:631][  0]LogMoviePlayer: Initializing movie player
[2022.01.23-23.34.38:106][  0]LogAndroidPermission: UAndroidPermissionCallbackProxy::GetInstance
[2022.01.23-23.34.38:266][  0]LogUObjectArray: 29858 objects as part of root set at end of initial load.
[2022.01.23-23.34.38:266][  0]LogUObjectAllocator: 5964784 out of 0 bytes used by permanent object pool.
[2022.01.23-23.34.38:266][  0]LogUObjectArray: CloseDisregardForGC: 0/0 objects in disregard for GC pool
[2022.01.23-23.34.38:464][  0]LogEngine: Initializing Engine...
[2022.01.23-23.34.38:626][  0]LogHMD: Failed to initialize OpenVR with code 110
[2022.01.23-23.34.38:638][  0]LogStreaming:Error: Couldn't find file for package /Script/Engine requested by async loading code. NameToLoad: /Script/Engine
[2022.01.23-23.34.42:465][  0]LogStats: UGameplayTagsManager::ConstructGameplayTagTree: Construct from data asset -  0.000 s
[2022.01.23-23.34.42:499][  0]LogStats: UGameplayTagsManager::ConstructGameplayTagTree: GameplayTagTreeChangedEvent.Broadcast -  0.000 s
[2022.01.23-23.34.43:188][  0]LogInit: XAudio2 using 'Głośniki (C-Media USB Headphone Set  )' : 2 channels at 48 kHz using 16 bits per sample (channel mask 0x3)
[2022.01.23-23.34.43:396][  0]LogInit: FAudioDevice initialized.
[2022.01.23-23.34.43:429][  0]LogInit: Texture streaming: Enabled
[2022.01.23-23.34.45:588][  0]LogInit:Display: Game Engine Initialized.
[2022.01.23-23.34.45:656][  0]LogInit:Display: Starting Game.
[2022.01.23-23.34.45:683][  0]LogNet: Browse: /Engine/Maps/Entry?Name=Player
[2022.01.23-23.34.45:699][  0]LogLoad: LoadMap: /Engine/Maps/Entry?Name=Player
[2022.01.23-23.34.46:934][  0]LogMemory: Platform Memory Stats for WindowsNoEditor
[2022.01.23-23.34.46:935][  0]LogMemory: Process Physical Memory: 246.04 MB used, 294.02 MB peak
[2022.01.23-23.34.46:935][  0]LogMemory: Process Virtual Memory: 349.01 MB used, 371.91 MB peak
[2022.01.23-23.34.46:935][  0]LogMemory: Physical Memory: 7618.83 MB used,  8649.11 MB free, 16267.94 MB total
[2022.01.23-23.34.46:935][  0]LogMemory: Virtual Memory: 4973.03 MB used,  8649.11 MB free, 134217728.00 MB total
[2022.01.23-23.34.46:935][  0]LogMemory: 
[2022.01.23-23.34.46:935][  0]Allocator Stats for binned2: (not implemented)
[2022.01.23-23.34.47:373][  0]LogAIModule: Creating AISystem for world Entry
