Log file open, 01/24/22 02:16:14
LogInit:Display: Running engine for game: Gra
LogPlatformFile: Not using cached read wrapper
LogInit:Display: RandInit(-1319380423) SRandInit(-1319380423).
LogTaskGraph: Started task graph with 5 named threads and 8 total threads with 1 sets of task threads.
LogStats: Stats thread started at 0.100248
LogInit: Using libcurl 7.47.1
LogInit:  - built for x86_64-pc-win32
LogInit:  - supports SSL with OpenSSL/1.0.2g
LogInit:  - supports HTTP deflate (compression) using libz 1.2.8
LogInit:  - other features:
LogInit:      CURL_VERSION_SSL
LogInit:      CURL_VERSION_LIBZ
LogInit:      CURL_VERSION_IPV6
LogInit:      CURL_VERSION_ASYNCHDNS
LogInit:      CURL_VERSION_LARGEFILE
LogInit:      CURL_VERSION_IDN
LogInit:  CurlRequestOptions (configurable via config and command line):
LogInit:  - bVerifyPeer = false  - Libcurl will NOT verify peer certificate
LogInit:  - bUseHttpProxy = false  - Libcurl will NOT use HTTP proxy
LogInit:  - bDontReuseConnections = false  - Libcurl will reuse connections
LogInit:  - CertBundlePath = nullptr  - Libcurl will use whatever was configured at build time.
LogInit: Build: ++UE4+Release-4.16-CL-3561208
LogInit: Engine Version: 4.16.3-3561208+++UE4+Release-4.16
LogInit: Compatible Engine Version: 4.16.0-3452394+++UE4+Release-4.16
LogInit: Net CL: 3452394
LogDevObjectVersion: Number of dev versions registered: 16
LogDevObjectVersion:   Dev-Blueprints (B0D832E4-1F89-4F0D-ACCF-7EB736FD4AA2): 9
LogDevObjectVersion:   Dev-Build (E1C64328-A22C-4D53-A36C-8E866417BD8C): 0
LogDevObjectVersion:   Dev-Core (375EC13C-06E4-48FB-B500-84F0262A717E): 2
LogDevObjectVersion:   Dev-Editor (E4B068ED-F494-42E9-A231-DA0B2E46BB41): 17
LogDevObjectVersion:   Dev-Framework (CFFC743F-43B0-4480-9391-14DF171D2073): 23
LogDevObjectVersion:   Dev-Mobile (B02B49B5-BB20-44E9-A304-32B752E40360): 0
LogDevObjectVersion:   Dev-Networking (A4E4105C-59A1-49B5-A7C5-40C4547EDFEE): 0
LogDevObjectVersion:   Dev-Online (39C831C9-5AE6-47DC-9A44-9C173E1C8E7C): 0
LogDevObjectVersion:   Dev-Physics (78F01B33-EBEA-4F98-B9B4-84EACCB95AA2): 0
LogDevObjectVersion:   Dev-Platform (6631380F-2D4D-43E0-8009-CF276956A95A): 0
LogDevObjectVersion:   Dev-Rendering (12F88B9F-8875-4AFC-A67C-D90C383ABD29): 15
LogDevObjectVersion:   Dev-Sequencer (7B5AE74C-D270-4C10-A958-57980B212A5A): 4
LogDevObjectVersion:   Dev-VR (D7296918-1DD6-4BDD-9DE2-64A83CC13884): 0
LogDevObjectVersion:   Dev-LoadTimes (C2A15278-BFE7-4AFE-6C17-90FF531DF755): 1
LogDevObjectVersion:   Private-Geometry (6EACA3D4-40EC-4CC1-B786-8BED09428FC5): 1
LogDevObjectVersion:   Dev-AnimPhys (29E575DD-E0A3-4627-9D10-D276232CDCEA): 3
LogInit: Compiled (64-bit): Jul 28 2017 11:52:15
LogInit: Compiled with Visual C++: 19.00.24215.01
LogInit: Build Configuration: Development
LogInit: Branch Name: ++UE4+Release-4.16
LogInit: Command line:  
LogInit: Base directory: D:/PROJEKTY UE/Gra/Saved/StagedBuilds/WindowsNoEditor/Engine/Binaries/Win64/
LogInit: Installed Engine Build: 0
LogInit: Presizing for max 2097152 objects, including 0 objects not considered by GC, pre-allocating 0 bytes for permanent pool.
LogStreaming:Display: Async Loading initialized: Event Driven Loader: true, Async Loading Thread: false
LogInit: Object subsystem initialized
[2022.01.24-01.16.15:084][  0]LogInit: Selected Device Profile: [WindowsNoEditor]
[2022.01.24-01.16.15:084][  0]LogInit: Applying CVar settings loaded from the selected device profile: [WindowsNoEditor]
[2022.01.24-01.16.15:096][  0]LogInit: Computer: MATID-WINDOWS
[2022.01.24-01.16.15:096][  0]LogInit: User: mateu
[2022.01.24-01.16.15:096][  0]LogInit: CPU Page size=4096, Cores=4
[2022.01.24-01.16.15:096][  0]LogInit: High frequency timer resolution =10.000000 MHz
[2022.01.24-01.16.15:096][  0]LogMemory: Memory total: Physical=15.9GB (16GB approx)
[2022.01.24-01.16.15:096][  0]LogMemory: Platform Memory Stats for WindowsNoEditor
[2022.01.24-01.16.15:096][  0]LogMemory: Process Physical Memory: 92.36 MB used, 92.36 MB peak
[2022.01.24-01.16.15:096][  0]LogMemory: Process Virtual Memory: 102.03 MB used, 102.03 MB peak
[2022.01.24-01.16.15:096][  0]LogMemory: Physical Memory: 6279.02 MB used,  9988.93 MB free, 16267.94 MB total
[2022.01.24-01.16.15:096][  0]LogMemory: Virtual Memory: 4452.14 MB used,  9988.93 MB free, 134217728.00 MB total
[2022.01.24-01.16.15:214][  0]LogInit: Using OS detected language (pl-PL).
[2022.01.24-01.16.15:214][  0]LogInit: Using OS detected locale (pl-PL).
[2022.01.24-01.16.15:214][  0]LogTextLocalizationManager: No localization for 'pl-PL' exists, so 'en' will be used for the language.
[2022.01.24-01.16.15:214][  0]LogTextLocalizationManager: No localization for 'pl-PL' exists, so 'en' will be used for the locale.
[2022.01.24-01.16.15:274][  0]LogD3D11RHI: D3D11 adapters:
[2022.01.24-01.16.15:371][  0]LogD3D11RHI:    0. 'NVIDIA GeForce GTX 1050' (Feature Level 11_0)
[2022.01.24-01.16.15:371][  0]LogD3D11RHI:       4021/0/8133 MB DedicatedVideo/DedicatedSystem/SharedSystem, Outputs:2, VendorId:0x10de
[2022.01.24-01.16.15:395][  0]LogD3D11RHI:    1. 'Intel(R) HD Graphics 630' (Feature Level 11_0)
[2022.01.24-01.16.15:395][  0]LogD3D11RHI:       128/0/8133 MB DedicatedVideo/DedicatedSystem/SharedSystem, Outputs:0, VendorId:0x8086
[2022.01.24-01.16.15:397][  0]LogD3D11RHI:    2. 'Microsoft Basic Render Driver' (Feature Level 11_0)
[2022.01.24-01.16.15:397][  0]LogD3D11RHI:       0/0/8133 MB DedicatedVideo/DedicatedSystem/SharedSystem, Outputs:0, VendorId:0x1414
[2022.01.24-01.16.15:397][  0]LogD3D11RHI: Chosen D3D11 Adapter: 0
[2022.01.24-01.16.15:402][  0]LogD3D11RHI: Creating new Direct3DDevice
[2022.01.24-01.16.15:402][  0]LogD3D11RHI:     GPU DeviceId: 0x1c8d (for the marketing name, search the web for "GPU Device Id")
[2022.01.24-01.16.15:402][  0]LogWindows: EnumDisplayDevices:
[2022.01.24-01.16.15:402][  0]LogWindows:    0. 'Intel(R) HD Graphics 630' (P:0 D:1)
[2022.01.24-01.16.15:402][  0]LogWindows:    1. 'Intel(R) HD Graphics 630' (P:1 D:1)
[2022.01.24-01.16.15:403][  0]LogWindows:    2. 'Intel(R) HD Graphics 630' (P:0 D:0)
[2022.01.24-01.16.15:403][  0]LogWindows: DebugString: GetVideoDriverDetailsInvalid PrimaryIsNotTheChoosenAdapter GetVideoDriverDetailsInvalid PrimaryIsNotTheChoosenAdapter GetVideoDriverDetailsInvalid PrimaryIsNotTheChoosenAdapter FoundDriverCount:0 
[2022.01.24-01.16.15:403][  0]LogD3D11RHI:     Adapter Name: NVIDIA GeForce GTX 1050
[2022.01.24-01.16.15:403][  0]LogD3D11RHI:   Driver Version: Unknown (internal:Unknown, unified:Unknown)
[2022.01.24-01.16.15:403][  0]LogD3D11RHI:      Driver Date: Unknown
[2022.01.24-01.16.15:403][  0]LogRHI: Texture pool is 1361 MB (70% of 1945 MB)
[2022.01.24-01.16.15:448][  0]LogD3D11RHI: Async texture creation enabled
[2022.01.24-01.16.15:462][  0]LogD3D11RHI: GPU Timing Frequency: 1000.000000 (Debug: 2 1)
[2022.01.24-01.16.15:469][  0]LogMaterial: Verifying Global Shaders for PCD3D_SM5
[2022.01.24-01.16.15:470][  0]LogSlate: Using Freetype 2.6.0
[2022.01.24-01.16.15:470][  0]LogSlate: SlateFontCache - WITH_FREETYPE: 1, WITH_HARFBUZZ: 1
[2022.01.24-01.16.15:470][  0]LogSlate: SlateFontCache - WITH_FREETYPE: 1, WITH_HARFBUZZ: 1
[2022.01.24-01.16.15:518][  0]LogAssetRegistry: FAssetRegistry took 0.0082 seconds to start up
[2022.01.24-01.16.15:586][  0]LogPackageLocalizationCache: Processed 4 localized package path(s) for 1 prioritized culture(s) in 0.001871 seconds
[2022.01.24-01.16.15:587][  0]LogInit: Selected Device Profile: [WindowsNoEditor]
[2022.01.24-01.16.15:595][  0]LogContentStreaming: Texture pool size is 1000.00 MB
[2022.01.24-01.16.15:635][  0]LogNetVersion: Gra , NetCL: 3452394, EngineNetVer: 2, GameNetVer: 0 (Checksum: 2670884730)
[2022.01.24-01.16.15:677][  0]LogInit: WinSock: version 1.1 (2.2), MaxSocks=32767, MaxUdp=65467
[2022.01.24-01.16.15:695][  0]LogMoviePlayer: Initializing movie player
[2022.01.24-01.16.15:781][  0]LogAndroidPermission: UAndroidPermissionCallbackProxy::GetInstance
[2022.01.24-01.16.15:789][  0]LogUObjectArray: 29858 objects as part of root set at end of initial load.
[2022.01.24-01.16.15:789][  0]LogUObjectAllocator: 5964784 out of 0 bytes used by permanent object pool.
[2022.01.24-01.16.15:789][  0]LogUObjectArray: CloseDisregardForGC: 0/0 objects in disregard for GC pool
[2022.01.24-01.16.15:799][  0]LogEngine: Initializing Engine...
[2022.01.24-01.16.15:799][  0]LogHMD: Failed to initialize OpenVR with code 110
[2022.01.24-01.16.15:811][  0]LogStreaming:Error: Couldn't find file for package /Script/Engine requested by async loading code. NameToLoad: /Script/Engine
[2022.01.24-01.16.15:880][  0]LogStats: UGameplayTagsManager::ConstructGameplayTagTree: Construct from data asset -  0.000 s
[2022.01.24-01.16.15:880][  0]LogStats: UGameplayTagsManager::ConstructGameplayTagTree: GameplayTagTreeChangedEvent.Broadcast -  0.000 s
[2022.01.24-01.16.15:916][  0]LogInit: XAudio2 using 'Głośniki (C-Media USB Headphone Set  )' : 2 channels at 48 kHz using 16 bits per sample (channel mask 0x3)
[2022.01.24-01.16.15:947][  0]LogInit: FAudioDevice initialized.
[2022.01.24-01.16.15:958][  0]LogInit: Texture streaming: Enabled
[2022.01.24-01.16.15:962][  0]LogInit:Display: Game Engine Initialized.
[2022.01.24-01.16.15:962][  0]LogInit:Display: Starting Game.
[2022.01.24-01.16.15:962][  0]LogNet: Browse: /Engine/Maps/Entry?Name=Player
[2022.01.24-01.16.15:963][  0]LogLoad: LoadMap: /Engine/Maps/Entry?Name=Player
[2022.01.24-01.16.15:976][  0]LogMemory: Platform Memory Stats for WindowsNoEditor
[2022.01.24-01.16.15:976][  0]LogMemory: Process Physical Memory: 242.23 MB used, 291.38 MB peak
[2022.01.24-01.16.15:976][  0]LogMemory: Process Virtual Memory: 349.39 MB used, 372.35 MB peak
[2022.01.24-01.16.15:976][  0]LogMemory: Physical Memory: 6376.39 MB used,  9891.55 MB free, 16267.94 MB total
[2022.01.24-01.16.15:976][  0]LogMemory: Virtual Memory: 4977.15 MB used,  9891.55 MB free, 134217728.00 MB total
[2022.01.24-01.16.15:976][  0]LogMemory: 
[2022.01.24-01.16.15:976][  0]Allocator Stats for binned2: (not implemented)
[2022.01.24-01.16.15:978][  0]LogAIModule: Creating AISystem for world Entry
[2022.01.24-01.16.15:993][  0]LogLoad: Game class is 'ThirdPersonGameMode_C'
[2022.01.24-01.16.15:996][  0]LogWorld: Bringing World /Engine/Maps/Entry.Entry up for play (max tick rate 0) at 2022.01.24-02.16.15
[2022.01.24-01.16.15:996][  0]LogWorld: Bringing up level for play took: 0.001121
[2022.01.24-01.16.16:001][  0]LogLoad: Took 0.037895 seconds to LoadMap(/Engine/Maps/Entry)
[2022.01.24-01.16.16:032][  0]LogLoad: (Engine Initialization) Total time: 1.39 seconds
[2022.01.24-01.16.16:032][  0]LogExternalProfiler: No external profilers were discovered.  External profiling features will not be available.
[2022.01.24-01.16.16:049][  0]LogOcInput: OculusInput pre-init called
[2022.01.24-01.16.16:049][  0]LogHMD: Starting GearVRController plugin
[2022.01.24-01.16.16:087][  2]LogRenderer: Reallocating scene render targets to support 1920x1080 NumSamples 1 (Frame:1).
[2022.01.24-01.18.40:975][975]LogSlate: Request Window 'Gra (64-bit, PCD3D_SM5)' being destroyed
[2022.01.24-01.18.41:003][975]LogSlate: Window 'Gra (64-bit, PCD3D_SM5)' being destroyed
[2022.01.24-01.18.41:288][975]LogWindowsTextInputMethodSystem:Display: IME system now deactivated.
[2022.01.24-01.18.41:294][975]LogEngine: All Windows Closed
[2022.01.24-01.18.41:294][975]LogWindows: FPlatformMisc::RequestExit(0)
[2022.01.24-01.18.42:092][976]LogExit: Preparing to exit.
[2022.01.24-01.18.42:092][976]LogMoviePlayer: Shutting down movie player
[2022.01.24-01.18.42:524][976]LogExit: Game engine shut down
[2022.01.24-01.18.42:824][976]LogObj: Freed 376b from 1 cluster array pools.
[2022.01.24-01.18.42:824][976]LogExit: Object subsystem successfully closed.
[2022.01.24-01.18.43:017][976]LogD3D11RHI: Shutdown
[2022.01.24-01.18.43:017][976]LogD3D11RHI: CleanupD3DDevice
[2022.01.24-01.18.43:119][976]LogD3D11RHI: ~FD3D11DynamicRHI
[2022.01.24-01.18.43:134][976]LogModuleManager: Shutting down and abandoning module AutomationController (156)
[2022.01.24-01.18.43:141][976]LogModuleManager: Shutting down and abandoning module AutomationWorker (154)
[2022.01.24-01.18.43:141][976]LogModuleManager: Shutting down and abandoning module AIModule (152)
[2022.01.24-01.18.43:141][976]LogModuleManager: Shutting down and abandoning module GameplayDebugger (151)
[2022.01.24-01.18.43:147][976]LogModuleManager: Shutting down and abandoning module WmfMediaFactory (148)
[2022.01.24-01.18.43:147][976]LogModuleManager: Shutting down and abandoning module AvfMediaFactory (146)
[2022.01.24-01.18.43:147][976]LogModuleManager: Shutting down and abandoning module AndroidMediaFactory (144)
[2022.01.24-01.18.43:147][976]LogModuleManager: Shutting down and abandoning module Media (143)
[2022.01.24-01.18.43:147][976]LogModuleManager: Shutting down and abandoning module CharacterAI (140)
[2022.01.24-01.18.43:147][976]LogModuleManager: Shutting down and abandoning module SessionServices (138)
[2022.01.24-01.18.43:157][976]LogModuleManager: Shutting down and abandoning module MovieSceneTracks (136)
[2022.01.24-01.18.43:157][976]LogModuleManager: Shutting down and abandoning module MovieScene (134)
[2022.01.24-01.18.43:165][976]LogModuleManager: Shutting down and abandoning module GeometryCache (132)
[2022.01.24-01.18.43:165][976]LogModuleManager: Shutting down and abandoning module Niagara (130)
[2022.01.24-01.18.43:165][976]LogModuleManager: Shutting down and abandoning module StreamingPauseRendering (128)
[2022.01.24-01.18.43:165][976]LogModuleManager: Shutting down and abandoning module AnalyticsET (126)
[2022.01.24-01.18.43:165][976]LogModuleManager: Shutting down and abandoning module ProfilerService (124)
[2022.01.24-01.18.43:327][976]LogModuleManager: Shutting down and abandoning module TaskGraph (122)
[2022.01.24-01.18.43:394][976]LogModuleManager: Shutting down and abandoning module SteamVRController (120)
[2022.01.24-01.18.43:394][976]LogModuleManager: Shutting down and abandoning module SteamVR (118)
[2022.01.24-01.18.43:394][976]LogModuleManager: Shutting down and abandoning module ProceduralMeshComponent (116)
[2022.01.24-01.18.43:394][976]LogModuleManager: Shutting down and abandoning module OculusLibrary (114)
[2022.01.24-01.18.43:394][976]LogModuleManager: Shutting down and abandoning module OculusInput (112)
[2022.01.24-01.18.43:394][976]LogModuleManager: Shutting down and abandoning module MobilePatchingUtils (110)
[2022.01.24-01.18.43:394][976]LogModuleManager: Shutting down and abandoning module CustomMeshComponent (108)
[2022.01.24-01.18.43:394][976]LogModuleManager: Shutting down and abandoning module CableComponent (106)
[2022.01.24-01.18.43:394][976]LogModuleManager: Shutting down and abandoning module ArchVisCharacter (104)
[2022.01.24-01.18.43:394][976]LogModuleManager: Shutting down and abandoning module AndroidPermission (102)
[2022.01.24-01.18.43:394][976]LogModuleManager: Shutting down and abandoning module HTML5Networking (98)
[2022.01.24-01.18.43:394][976]LogModuleManager: Shutting down and abandoning module PhysXVehicles (96)
[2022.01.24-01.18.43:394][976]LogModuleManager: Shutting down and abandoning module LocationServicesBPLibrary (94)
[2022.01.24-01.18.43:394][976]LogModuleManager: Shutting down and abandoning module ImmediatePhysics (92)
[2022.01.24-01.18.43:394][976]LogModuleManager: Shutting down and abandoning module UdpMessaging (90)
[2022.01.24-01.18.43:403][976]LogModuleManager: Shutting down and abandoning module TcpMessaging (88)
[2022.01.24-01.18.43:409][976]LogModuleManager: Shutting down and abandoning module FacialAnimation (86)
[2022.01.24-01.18.43:409][976]LogModuleManager: Shutting down and abandoning module LightPropagationVolumeRuntime (84)
[2022.01.24-01.18.43:409][976]LogModuleManager: Shutting down and abandoning module Paper2D (82)
[2022.01.24-01.18.43:409][976]LogModuleManager: Shutting down and abandoning module WindowsMoviePlayer (80)
[2022.01.24-01.18.43:422][976]LogModuleManager: Shutting down and abandoning module WmfMedia (78)
[2022.01.24-01.18.43:424][976]LogModuleManager: Shutting down and abandoning module ClothingSystemRuntime (76)
[2022.01.24-01.18.43:433][976]LogModuleManager: Shutting down and abandoning module MediaAssets (74)
[2022.01.24-01.18.43:433][976]LogModuleManager: Shutting down and abandoning module GameLiveStreaming (72)
[2022.01.24-01.18.43:444][976]LogModuleManager: Shutting down and abandoning module UMG (70)
[2022.01.24-01.18.43:444][976]LogModuleManager: Shutting down and abandoning module SlateReflector (68)
[2022.01.24-01.18.43:494][976]LogModuleManager: Shutting down and abandoning module Slate (66)
[2022.01.24-01.18.43:494][976]LogModuleManager: Shutting down and abandoning module Messaging (64)
[2022.01.24-01.18.43:494][976]LogModuleManager: Shutting down and abandoning module HeadMountedDisplay (62)
[2022.01.24-01.18.43:494][976]LogModuleManager: Shutting down and abandoning module XAudio2 (60)
[2022.01.24-01.18.43:494][976]LogModuleManager: Shutting down and abandoning module Networking (58)
[2022.01.24-01.18.43:494][976]LogModuleManager: Shutting down and abandoning module Core (54)
[2022.01.24-01.18.43:494][976]LogModuleManager: Shutting down and abandoning module LevelSequence (52)
[2022.01.24-01.18.43:494][976]LogModuleManager: Shutting down and abandoning module AssetRegistry (50)
[2022.01.24-01.18.43:514][976]LogModuleManager: Shutting down and abandoning module ImageWrapper (48)
[2022.01.24-01.18.43:514][976]LogModuleManager: Shutting down and abandoning module InputCore (46)
[2022.01.24-01.18.43:514][976]LogModuleManager: Shutting down and abandoning module OculusRift (44)
[2022.01.24-01.18.43:520][976]LogModuleManager: Shutting down and abandoning module GearVRController (42)
[2022.01.24-01.18.43:520][976]LogModuleManager: Shutting down and abandoning module GearVR (40)
[2022.01.24-01.18.43:520][976]LogModuleManager: Shutting down and abandoning module ExampleDeviceProfileSelector (38)
[2022.01.24-01.18.43:520][976]LogModuleManager: Shutting down and abandoning module OnlineSubsystem (34)
[2022.01.24-01.18.43:520][976]LogOnline:Display: Unloading online subsystem: NULL
[2022.01.24-01.18.43:534][976]LogModuleManager: Shutting down and abandoning module HTTP (33)
[2022.01.24-01.18.43:534][976]LogHttp:Display: Http module shutting down, but needs to wait on 1 outstanding Http requests:
[2022.01.24-01.18.43:534][976]LogHttp:Display: 	verb=[POST] url=[https://datarouter.ol.epicgames.com/datarouter/api/v1/public/data?SessionID=%7B5C7CABA2-4044-DFE0-D220-C3AE8901EF5D%7D&AppID=UEGame.Rocket.Release%7C900206A646EBC6F3AD83CE80063677BE%7CUE4Game&AppVersion=4.16.3-3561208%2B%2B%2BUE4%2BRelease-4.16&UserID=ANON-%7BC8E1EBA6-431D-2275-0C22-BB8978B13644%7D%7C%7C&AppEnvironment=datacollector-binary&UploadType=eteventstream] status=Processing
[2022.01.24-01.18.43:545][976]LogModuleManager: Shutting down and abandoning module SSL (32)
[2022.01.24-01.18.43:545][976]LogModuleManager: Shutting down and abandoning module HTTPChunkInstaller (28)
[2022.01.24-01.18.43:558][976]LogModuleManager: Shutting down and abandoning module ShaderCore (26)
[2022.01.24-01.18.43:558][976]LogModuleManager: Shutting down and abandoning module Landscape (24)
[2022.01.24-01.18.43:558][976]LogModuleManager: Shutting down and abandoning module SlateRHIRenderer (22)
[2022.01.24-01.18.43:582][976]LogModuleManager: Shutting down and abandoning module OpenGLDrv (20)
[2022.01.24-01.18.43:582][976]LogModuleManager: Shutting down and abandoning module D3D11RHI (18)
[2022.01.24-01.18.43:582][976]LogModuleManager: Shutting down and abandoning module AnimGraphRuntime (16)
[2022.01.24-01.18.43:582][976]LogModuleManager: Shutting down and abandoning module Renderer (14)
[2022.01.24-01.18.43:582][976]LogModuleManager: Shutting down and abandoning module Engine (12)
[2022.01.24-01.18.43:582][976]LogModuleManager: Shutting down and abandoning module CoreUObject (10)
[2022.01.24-01.18.43:582][976]LogModuleManager: Shutting down and abandoning module NetworkFile (8)
[2022.01.24-01.18.43:582][976]LogModuleManager: Shutting down and abandoning module StreamingFile (6)
[2022.01.24-01.18.43:582][976]LogModuleManager: Shutting down and abandoning module SandboxFile (4)
[2022.01.24-01.18.43:582][976]LogModuleManager: Shutting down and abandoning module PakFile (2)
[2022.01.24-01.18.43:582][976]LogSlate: HittestGrid destroyed
[2022.01.24-01.18.43:586][976]LogSlate: HittestGrid destroyed
[2022.01.24-01.18.43:644][976]LogExit: Exiting.
[2022.01.24-01.18.43:654][976]Log file closed, 01/24/22 02:18:43
