Log file open, 01/23/22 22:26:03
LogInit:Display: Running engine for game: Gra
LogPlatformFile: Not using cached read wrapper
LogInit:Display: RandInit(-1998155606) SRandInit(-1998155604).
LogTaskGraph: Started task graph with 5 named threads and 8 total threads with 1 sets of task threads.
LogStats: Stats thread started at 0.129540
LogInit: Using libcurl 7.47.1
LogInit:  - built for x86_64-pc-win32
LogInit:  - supports SSL with OpenSSL/1.0.2g
LogInit:  - supports HTTP deflate (compression) using libz 1.2.8
LogInit:  - other features:
LogInit:      CURL_VERSION_SSL
LogInit:      CURL_VERSION_LIBZ
LogInit:      CURL_VERSION_IPV6
LogInit:      CURL_VERSION_ASYNCHDNS
LogInit:      CURL_VERSION_LARGEFILE
LogInit:      CURL_VERSION_IDN
LogInit:  CurlRequestOptions (configurable via config and command line):
LogInit:  - bVerifyPeer = false  - Libcurl will NOT verify peer certificate
LogInit:  - bUseHttpProxy = false  - Libcurl will NOT use HTTP proxy
LogInit:  - bDontReuseConnections = false  - Libcurl will reuse connections
LogInit:  - CertBundlePath = nullptr  - Libcurl will use whatever was configured at build time.
LogInit: Build: ++UE4+Release-4.16-CL-3561208
LogInit: Engine Version: 4.16.3-3561208+++UE4+Release-4.16
LogInit: Compatible Engine Version: 4.16.0-3452394+++UE4+Release-4.16
LogInit: Net CL: 3452394
LogDevObjectVersion: Number of dev versions registered: 16
LogDevObjectVersion:   Dev-Blueprints (B0D832E4-1F89-4F0D-ACCF-7EB736FD4AA2): 9
LogDevObjectVersion:   Dev-Build (E1C64328-A22C-4D53-A36C-8E866417BD8C): 0
LogDevObjectVersion:   Dev-Core (375EC13C-06E4-48FB-B500-84F0262A717E): 2
LogDevObjectVersion:   Dev-Editor (E4B068ED-F494-42E9-A231-DA0B2E46BB41): 17
LogDevObjectVersion:   Dev-Framework (CFFC743F-43B0-4480-9391-14DF171D2073): 23
LogDevObjectVersion:   Dev-Mobile (B02B49B5-BB20-44E9-A304-32B752E40360): 0
LogDevObjectVersion:   Dev-Networking (A4E4105C-59A1-49B5-A7C5-40C4547EDFEE): 0
LogDevObjectVersion:   Dev-Online (39C831C9-5AE6-47DC-9A44-9C173E1C8E7C): 0
LogDevObjectVersion:   Dev-Physics (78F01B33-EBEA-4F98-B9B4-84EACCB95AA2): 0
LogDevObjectVersion:   Dev-Platform (6631380F-2D4D-43E0-8009-CF276956A95A): 0
LogDevObjectVersion:   Dev-Rendering (12F88B9F-8875-4AFC-A67C-D90C383ABD29): 15
LogDevObjectVersion:   Dev-Sequencer (7B5AE74C-D270-4C10-A958-57980B212A5A): 4
LogDevObjectVersion:   Dev-VR (D7296918-1DD6-4BDD-9DE2-64A83CC13884): 0
LogDevObjectVersion:   Dev-LoadTimes (C2A15278-BFE7-4AFE-6C17-90FF531DF755): 1
LogDevObjectVersion:   Private-Geometry (6EACA3D4-40EC-4CC1-B786-8BED09428FC5): 1
LogDevObjectVersion:   Dev-AnimPhys (29E575DD-E0A3-4627-9D10-D276232CDCEA): 3
LogInit: Compiled (64-bit): Jul 28 2017 11:49:47
LogInit: Compiled with Visual C++: 19.00.24215.01
LogInit: Build Configuration: Development
LogInit: Branch Name: ++UE4+Release-4.16
LogInit: Command line:  /Temp/Autosaves/Game/UEDPCMapa1 -game -PIEVIACONSOLE -ResX=1280 -ResY=720  -Multiprocess -messaging -SessionName="Play in Standalone Game" -windowed 
LogInit: Base directory: D:/GRY/UE_4.16/Engine/Binaries/Win64/
LogInit: Installed Engine Build: 1
LogInit: Presizing for max 8388607 objects, including 0 objects not considered by GC, pre-allocating 0 bytes for permanent pool.
LogInit: Object subsystem initialized
[2022.01.23-21.26.04:445][  0]LogInit: Selected Device Profile: [Windows]
[2022.01.23-21.26.04:445][  0]LogInit: Applying CVar settings loaded from the selected device profile: [Windows]
[2022.01.23-21.26.04:449][  0]LogInit: Computer: MATID-WINDOWS
[2022.01.23-21.26.04:449][  0]LogInit: User: mateu
[2022.01.23-21.26.04:449][  0]LogInit: CPU Page size=4096, Cores=4
[2022.01.23-21.26.04:449][  0]LogInit: High frequency timer resolution =10.000000 MHz
[2022.01.23-21.26.04:449][  0]LogMemory: Memory total: Physical=15.9GB (16GB approx)
[2022.01.23-21.26.04:449][  0]LogMemory: Platform Memory Stats for Windows
[2022.01.23-21.26.04:449][  0]LogMemory: Process Physical Memory: 274.36 MB used, 274.36 MB peak
[2022.01.23-21.26.04:449][  0]LogMemory: Process Virtual Memory: 261.04 MB used, 261.04 MB peak
[2022.01.23-21.26.04:449][  0]LogMemory: Physical Memory: 8094.94 MB used,  8173.00 MB free, 16267.94 MB total
[2022.01.23-21.26.04:449][  0]LogMemory: Virtual Memory: 4764.04 MB used,  8173.00 MB free, 134217728.00 MB total
[2022.01.23-21.26.04:595][  0]LogInit: Using OS detected language (pl-PL).
[2022.01.23-21.26.04:595][  0]LogInit: Using OS detected locale (pl-PL).
[2022.01.23-21.26.04:598][  0]LogTextLocalizationManager: No localization for 'pl-PL' exists, so 'en' will be used for the language.
[2022.01.23-21.26.04:599][  0]LogTextLocalizationManager: No localization for 'pl-PL' exists, so 'en' will be used for the locale.
[2022.01.23-21.26.05:571][  0]LogD3D11RHI: D3D11 adapters:
[2022.01.23-21.26.05:689][  0]LogD3D11RHI:    0. 'NVIDIA GeForce GTX 1050' (Feature Level 11_0)
[2022.01.23-21.26.05:689][  0]LogD3D11RHI:       4021/0/8133 MB DedicatedVideo/DedicatedSystem/SharedSystem, Outputs:2, VendorId:0x10de
[2022.01.23-21.26.05:713][  0]LogD3D11RHI:    1. 'Intel(R) HD Graphics 630' (Feature Level 11_0)
[2022.01.23-21.26.05:713][  0]LogD3D11RHI:       128/0/8133 MB DedicatedVideo/DedicatedSystem/SharedSystem, Outputs:0, VendorId:0x8086
[2022.01.23-21.26.05:717][  0]LogD3D11RHI:    2. 'Microsoft Basic Render Driver' (Feature Level 11_0)
[2022.01.23-21.26.05:717][  0]LogD3D11RHI:       0/0/8133 MB DedicatedVideo/DedicatedSystem/SharedSystem, Outputs:0, VendorId:0x1414
[2022.01.23-21.26.05:717][  0]LogD3D11RHI: Chosen D3D11 Adapter: 0
[2022.01.23-21.26.05:724][  0]LogD3D11RHI: Creating new Direct3DDevice
[2022.01.23-21.26.05:724][  0]LogD3D11RHI:     GPU DeviceId: 0x1c8d (for the marketing name, search the web for "GPU Device Id")
[2022.01.23-21.26.05:724][  0]LogWindows: EnumDisplayDevices:
[2022.01.23-21.26.05:725][  0]LogWindows:    0. 'Intel(R) HD Graphics 630' (P:0 D:1)
[2022.01.23-21.26.05:725][  0]LogWindows:    1. 'Intel(R) HD Graphics 630' (P:1 D:1)
[2022.01.23-21.26.05:725][  0]LogWindows:    2. 'Intel(R) HD Graphics 630' (P:0 D:0)
[2022.01.23-21.26.05:726][  0]LogWindows: DebugString: GetVideoDriverDetailsInvalid PrimaryIsNotTheChoosenAdapter GetVideoDriverDetailsInvalid PrimaryIsNotTheChoosenAdapter GetVideoDriverDetailsInvalid PrimaryIsNotTheChoosenAdapter FoundDriverCount:0 
[2022.01.23-21.26.05:726][  0]LogD3D11RHI:     Adapter Name: NVIDIA GeForce GTX 1050
[2022.01.23-21.26.05:726][  0]LogD3D11RHI:   Driver Version: Unknown (internal:Unknown, unified:Unknown)
[2022.01.23-21.26.05:726][  0]LogD3D11RHI:      Driver Date: Unknown
[2022.01.23-21.26.05:726][  0]LogRHI: Texture pool is 1361 MB (70% of 1945 MB)
[2022.01.23-21.26.05:789][  0]LogD3D11RHI: Async texture creation enabled
[2022.01.23-21.26.05:804][  0]LogD3D11RHI: GPU Timing Frequency: 1000.000000 (Debug: 2 1)
[2022.01.23-21.26.05:806][  0]LogShaderCompilers: Guid format shader working directory is 15 characters bigger than the processId version (../../../../../PROJEKTY UE/Gra/Intermediate/Shaders/WorkingDirectory/15944/).
[2022.01.23-21.26.05:806][  0]LogShaderCompilers: Cleaned the shader compiler working directory 'C:/Users/mateu/AppData/Local/Temp/UnrealShaderWorkingDir/CF7555024CDBA182AA846E8408C7A3FC/'.
[2022.01.23-21.26.05:806][  0]LogShaderCompilers:Display: Using Local Shader Compiler.
[2022.01.23-21.26.07:221][  0]LogTemp:Display: Loaded TP WindowsClientTargetPlatform
[2022.01.23-21.26.07:287][  0]LogTemp:Display: Loaded TP WindowsNoEditorTargetPlatform
[2022.01.23-21.26.07:351][  0]LogTemp:Display: Loaded TP WindowsServerTargetPlatform
[2022.01.23-21.26.07:418][  0]LogTemp:Display: Loaded TP WindowsTargetPlatform
[2022.01.23-21.26.07:418][  0]LogTargetPlatformManager:Display: Building Assets For Windows
[2022.01.23-21.26.08:113][  0]LogDerivedDataCache:Display: Max Cache Size: 512 MB
[2022.01.23-21.26.08:224][  0]LogDerivedDataCache: Loaded boot cache 0.11s 90MB C:/Users/mateu/AppData/Local/UnrealEngine/4.16/DerivedDataCache/Boot.ddc.
[2022.01.23-21.26.08:224][  0]LogDerivedDataCache:Display: Loaded Boot cache: C:/Users/mateu/AppData/Local/UnrealEngine/4.16/DerivedDataCache/Boot.ddc
[2022.01.23-21.26.08:224][  0]LogDerivedDataCache: FDerivedDataBackendGraph:  Pak pak cache file ../../../../../PROJEKTY UE/Gra/DerivedDataCache/DDC.ddp not found, will not use a pak cache.
[2022.01.23-21.26.08:224][  0]LogDerivedDataCache: Unable to find inner node Pak for hierarchical cache Hierarchy.
[2022.01.23-21.26.08:224][  0]LogDerivedDataCache: FDerivedDataBackendGraph:  CompressedPak pak cache file ../../../../../PROJEKTY UE/Gra/DerivedDataCache/Compressed.ddp not found, will not use a pak cache.
[2022.01.23-21.26.08:224][  0]LogDerivedDataCache: Unable to find inner node CompressedPak for hierarchical cache Hierarchy.
[2022.01.23-21.26.08:245][  0]LogDerivedDataCache:Display: Pak cache opened for reading ../../../Engine/DerivedDataCache/Compressed.ddp.
[2022.01.23-21.26.08:258][  0]LogDerivedDataCache: Using Local data cache path C:/Users/mateu/AppData/Local/UnrealEngine/Common/DerivedDataCache: Writable
[2022.01.23-21.26.08:270][  0]LogMaterial: Verifying Global Shaders for PCD3D_SM5
[2022.01.23-21.26.08:271][  0]LogSlate: Using Freetype 2.6.0
[2022.01.23-21.26.08:272][  0]LogSlate: SlateFontCache - WITH_FREETYPE: 1, WITH_HARFBUZZ: 1
[2022.01.23-21.26.08:272][  0]LogSlate: SlateFontCache - WITH_FREETYPE: 1, WITH_HARFBUZZ: 1
[2022.01.23-21.26.08:612][  0]LogAssetRegistry: FAssetRegistry took 0.0051 seconds to start up
[2022.01.23-21.26.08:621][  0]LogPackageLocalizationCache: Processed 4 localized package path(s) for 1 prioritized culture(s) in 0.008369 seconds
[2022.01.23-21.26.08:730][  0]LogInit: Selected Device Profile: [Windows]
[2022.01.23-21.26.08:811][  0]LogContentStreaming: Texture pool size is 1000.00 MB
[2022.01.23-21.26.08:997][  0]LogMeshUtilities: Using QuadricMeshReduction for automatic static mesh reduction
[2022.01.23-21.26.09:051][  0]LogSimplygon: Simplygon DLL not present - disabling.
[2022.01.23-21.26.09:107][  0]LogMeshUtilities: Using SimplygonSwarm for distributed automatic mesh merging
[2022.01.23-21.26.09:107][  0]LogMeshUtilities: No automatic skeletal mesh reduction module available
[2022.01.23-21.26.09:107][  0]LogMeshUtilities: No automatic mesh merging module available
[2022.01.23-21.26.09:778][  0]LogNetVersion: Gra , NetCL: 3452394, EngineNetVer: 2, GameNetVer: 0 (Checksum: 2670884730)
[2022.01.23-21.26.09:869][  0]LogInit: WinSock: version 1.1 (2.2), MaxSocks=32767, MaxUdp=65467
