Log file open, 01/23/22 22:25:19
LogInit:Display: Running engine for game: Gra
LogPlatformFile: Not using cached read wrapper
LogInit:Display: RandInit(1856235742) SRandInit(1856235742).
LogTaskGraph: Started task graph with 5 named threads and 8 total threads with 1 sets of task threads.
LogStats: Stats thread started at 0.133784
LogInit: Using libcurl 7.47.1
LogInit:  - built for x86_64-pc-win32
LogInit:  - supports SSL with OpenSSL/1.0.2g
LogInit:  - supports HTTP deflate (compression) using libz 1.2.8
LogInit:  - other features:
LogInit:      CURL_VERSION_SSL
LogInit:      CURL_VERSION_LIBZ
LogInit:      CURL_VERSION_IPV6
LogInit:      CURL_VERSION_ASYNCHDNS
LogInit:      CURL_VERSION_LARGEFILE
LogInit:      CURL_VERSION_IDN
LogInit:  CurlRequestOptions (configurable via config and command line):
LogInit:  - bVerifyPeer = false  - Libcurl will NOT verify peer certificate
LogInit:  - bUseHttpProxy = false  - Libcurl will NOT use HTTP proxy
LogInit:  - bDontReuseConnections = false  - Libcurl will reuse connections
LogInit:  - CertBundlePath = nullptr  - Libcurl will use whatever was configured at build time.
LogInit: Build: ++UE4+Release-4.16-CL-3561208
LogInit: Engine Version: 4.16.3-3561208+++UE4+Release-4.16
LogInit: Compatible Engine Version: 4.16.0-3452394+++UE4+Release-4.16
LogInit: Net CL: 3452394
LogDevObjectVersion: Number of dev versions registered: 16
LogDevObjectVersion:   Dev-Blueprints (B0D832E4-1F89-4F0D-ACCF-7EB736FD4AA2): 9
LogDevObjectVersion:   Dev-Build (E1C64328-A22C-4D53-A36C-8E866417BD8C): 0
LogDevObjectVersion:   Dev-Core (375EC13C-06E4-48FB-B500-84F0262A717E): 2
LogDevObjectVersion:   Dev-Editor (E4B068ED-F494-42E9-A231-DA0B2E46BB41): 17
LogDevObjectVersion:   Dev-Framework (CFFC743F-43B0-4480-9391-14DF171D2073): 23
LogDevObjectVersion:   Dev-Mobile (B02B49B5-BB20-44E9-A304-32B752E40360): 0
LogDevObjectVersion:   Dev-Networking (A4E4105C-59A1-49B5-A7C5-40C4547EDFEE): 0
LogDevObjectVersion:   Dev-Online (39C831C9-5AE6-47DC-9A44-9C173E1C8E7C): 0
LogDevObjectVersion:   Dev-Physics (78F01B33-EBEA-4F98-B9B4-84EACCB95AA2): 0
LogDevObjectVersion:   Dev-Platform (6631380F-2D4D-43E0-8009-CF276956A95A): 0
LogDevObjectVersion:   Dev-Rendering (12F88B9F-8875-4AFC-A67C-D90C383ABD29): 15
LogDevObjectVersion:   Dev-Sequencer (7B5AE74C-D270-4C10-A958-57980B212A5A): 4
LogDevObjectVersion:   Dev-VR (D7296918-1DD6-4BDD-9DE2-64A83CC13884): 0
LogDevObjectVersion:   Dev-LoadTimes (C2A15278-BFE7-4AFE-6C17-90FF531DF755): 1
LogDevObjectVersion:   Private-Geometry (6EACA3D4-40EC-4CC1-B786-8BED09428FC5): 1
LogDevObjectVersion:   Dev-AnimPhys (29E575DD-E0A3-4627-9D10-D276232CDCEA): 3
LogInit: Compiled (64-bit): Jul 28 2017 11:49:47
LogInit: Compiled with Visual C++: 19.00.24215.01
LogInit: Build Configuration: Development
LogInit: Branch Name: ++UE4+Release-4.16
LogInit: Command line:  /Temp/Autosaves/Game/UEDPCMapa1 -game -PIEVIACONSOLE -ResX=1280 -ResY=720  -Multiprocess -messaging -SessionName="Play in Standalone Game" -windowed 
LogInit: Base directory: D:/GRY/UE_4.16/Engine/Binaries/Win64/
LogInit: Installed Engine Build: 1
LogInit: Presizing for max 8388607 objects, including 0 objects not considered by GC, pre-allocating 0 bytes for permanent pool.
LogInit: Object subsystem initialized
[2022.01.23-21.25.20:318][  0]LogInit: Selected Device Profile: [Windows]
[2022.01.23-21.25.20:318][  0]LogInit: Applying CVar settings loaded from the selected device profile: [Windows]
[2022.01.23-21.25.20:322][  0]LogInit: Computer: MATID-WINDOWS
[2022.01.23-21.25.20:322][  0]LogInit: User: mateu
[2022.01.23-21.25.20:322][  0]LogInit: CPU Page size=4096, Cores=4
[2022.01.23-21.25.20:322][  0]LogInit: High frequency timer resolution =10.000000 MHz
[2022.01.23-21.25.20:322][  0]LogMemory: Memory total: Physical=15.9GB (16GB approx)
[2022.01.23-21.25.20:322][  0]LogMemory: Platform Memory Stats for Windows
[2022.01.23-21.25.20:322][  0]LogMemory: Process Physical Memory: 274.41 MB used, 274.41 MB peak
[2022.01.23-21.25.20:322][  0]LogMemory: Process Virtual Memory: 261.19 MB used, 261.19 MB peak
[2022.01.23-21.25.20:322][  0]LogMemory: Physical Memory: 8060.31 MB used,  8207.63 MB free, 16267.94 MB total
[2022.01.23-21.25.20:322][  0]LogMemory: Virtual Memory: 4764.04 MB used,  8207.63 MB free, 134217728.00 MB total
[2022.01.23-21.25.20:434][  0]LogInit: Using OS detected language (pl-PL).
[2022.01.23-21.25.20:434][  0]LogInit: Using OS detected locale (pl-PL).
[2022.01.23-21.25.20:437][  0]LogTextLocalizationManager: No localization for 'pl-PL' exists, so 'en' will be used for the language.
[2022.01.23-21.25.20:437][  0]LogTextLocalizationManager: No localization for 'pl-PL' exists, so 'en' will be used for the locale.
[2022.01.23-21.25.21:324][  0]LogD3D11RHI: D3D11 adapters:
[2022.01.23-21.25.21:418][  0]LogD3D11RHI:    0. 'NVIDIA GeForce GTX 1050' (Feature Level 11_0)
[2022.01.23-21.25.21:418][  0]LogD3D11RHI:       4021/0/8133 MB DedicatedVideo/DedicatedSystem/SharedSystem, Outputs:2, VendorId:0x10de
[2022.01.23-21.25.21:444][  0]LogD3D11RHI:    1. 'Intel(R) HD Graphics 630' (Feature Level 11_0)
[2022.01.23-21.25.21:444][  0]LogD3D11RHI:       128/0/8133 MB DedicatedVideo/DedicatedSystem/SharedSystem, Outputs:0, VendorId:0x8086
[2022.01.23-21.25.21:446][  0]LogD3D11RHI:    2. 'Microsoft Basic Render Driver' (Feature Level 11_0)
[2022.01.23-21.25.21:446][  0]LogD3D11RHI:       0/0/8133 MB DedicatedVideo/DedicatedSystem/SharedSystem, Outputs:0, VendorId:0x1414
[2022.01.23-21.25.21:446][  0]LogD3D11RHI: Chosen D3D11 Adapter: 0
[2022.01.23-21.25.21:452][  0]LogD3D11RHI: Creating new Direct3DDevice
[2022.01.23-21.25.21:452][  0]LogD3D11RHI:     GPU DeviceId: 0x1c8d (for the marketing name, search the web for "GPU Device Id")
[2022.01.23-21.25.21:452][  0]LogWindows: EnumDisplayDevices:
[2022.01.23-21.25.21:453][  0]LogWindows:    0. 'Intel(R) HD Graphics 630' (P:0 D:1)
[2022.01.23-21.25.21:453][  0]LogWindows:    1. 'Intel(R) HD Graphics 630' (P:1 D:1)
[2022.01.23-21.25.21:453][  0]LogWindows:    2. 'Intel(R) HD Graphics 630' (P:0 D:0)
[2022.01.23-21.25.21:453][  0]LogWindows: DebugString: GetVideoDriverDetailsInvalid PrimaryIsNotTheChoosenAdapter GetVideoDriverDetailsInvalid PrimaryIsNotTheChoosenAdapter GetVideoDriverDetailsInvalid PrimaryIsNotTheChoosenAdapter FoundDriverCount:0 
[2022.01.23-21.25.21:453][  0]LogD3D11RHI:     Adapter Name: NVIDIA GeForce GTX 1050
[2022.01.23-21.25.21:453][  0]LogD3D11RHI:   Driver Version: Unknown (internal:Unknown, unified:Unknown)
[2022.01.23-21.25.21:453][  0]LogD3D11RHI:      Driver Date: Unknown
[2022.01.23-21.25.21:453][  0]LogRHI: Texture pool is 1361 MB (70% of 1945 MB)
[2022.01.23-21.25.21:505][  0]LogD3D11RHI: Async texture creation enabled
[2022.01.23-21.25.21:532][  0]LogD3D11RHI: GPU Timing Frequency: 1000.000000 (Debug: 2 3)
[2022.01.23-21.25.21:534][  0]LogShaderCompilers: Guid format shader working directory is 16 characters bigger than the processId version (../../../../../PROJEKTY UE/Gra/Intermediate/Shaders/WorkingDirectory/4656/).
[2022.01.23-21.25.21:534][  0]LogShaderCompilers: Cleaned the shader compiler working directory 'C:/Users/mateu/AppData/Local/Temp/UnrealShaderWorkingDir/9C0987E947A3698CD777819A10458EC1/'.
[2022.01.23-21.25.21:534][  0]LogShaderCompilers:Display: Using Local Shader Compiler.
[2022.01.23-21.25.22:566][  0]LogTemp:Display: Loaded TP WindowsClientTargetPlatform
[2022.01.23-21.25.22:635][  0]LogTemp:Display: Loaded TP WindowsNoEditorTargetPlatform
[2022.01.23-21.25.22:698][  0]LogTemp:Display: Loaded TP WindowsServerTargetPlatform
[2022.01.23-21.25.22:743][  0]LogTemp:Display: Loaded TP WindowsTargetPlatform
[2022.01.23-21.25.22:743][  0]LogTargetPlatformManager:Display: Building Assets For Windows
[2022.01.23-21.25.23:311][  0]LogDerivedDataCache:Display: Max Cache Size: 512 MB
[2022.01.23-21.25.23:408][  0]LogDerivedDataCache: Loaded boot cache 0.10s 90MB C:/Users/mateu/AppData/Local/UnrealEngine/4.16/DerivedDataCache/Boot.ddc.
[2022.01.23-21.25.23:408][  0]LogDerivedDataCache:Display: Loaded Boot cache: C:/Users/mateu/AppData/Local/UnrealEngine/4.16/DerivedDataCache/Boot.ddc
[2022.01.23-21.25.23:408][  0]LogDerivedDataCache: FDerivedDataBackendGraph:  Pak pak cache file ../../../../../PROJEKTY UE/Gra/DerivedDataCache/DDC.ddp not found, will not use a pak cache.
[2022.01.23-21.25.23:408][  0]LogDerivedDataCache: Unable to find inner node Pak for hierarchical cache Hierarchy.
[2022.01.23-21.25.23:408][  0]LogDerivedDataCache: FDerivedDataBackendGraph:  CompressedPak pak cache file ../../../../../PROJEKTY UE/Gra/DerivedDataCache/Compressed.ddp not found, will not use a pak cache.
[2022.01.23-21.25.23:408][  0]LogDerivedDataCache: Unable to find inner node CompressedPak for hierarchical cache Hierarchy.
[2022.01.23-21.25.23:424][  0]LogDerivedDataCache:Display: Pak cache opened for reading ../../../Engine/DerivedDataCache/Compressed.ddp.
[2022.01.23-21.25.23:436][  0]LogDerivedDataCache: Using Local data cache path C:/Users/mateu/AppData/Local/UnrealEngine/Common/DerivedDataCache: Writable
[2022.01.23-21.25.23:446][  0]LogMaterial: Verifying Global Shaders for PCD3D_SM5
[2022.01.23-21.25.23:447][  0]LogSlate: Using Freetype 2.6.0
[2022.01.23-21.25.23:447][  0]LogSlate: SlateFontCache - WITH_FREETYPE: 1, WITH_HARFBUZZ: 1
[2022.01.23-21.25.23:447][  0]LogSlate: SlateFontCache - WITH_FREETYPE: 1, WITH_HARFBUZZ: 1
[2022.01.23-21.25.23:792][  0]LogAssetRegistry: FAssetRegistry took 0.0032 seconds to start up
[2022.01.23-21.25.23:797][  0]LogPackageLocalizationCache: Processed 4 localized package path(s) for 1 prioritized culture(s) in 0.005439 seconds
[2022.01.23-21.25.23:878][  0]LogInit: Selected Device Profile: [Windows]
[2022.01.23-21.25.23:954][  0]LogContentStreaming: Texture pool size is 1000.00 MB
[2022.01.23-21.25.24:116][  0]LogMeshUtilities: Using QuadricMeshReduction for automatic static mesh reduction
[2022.01.23-21.25.24:158][  0]LogSimplygon: Simplygon DLL not present - disabling.
[2022.01.23-21.25.24:204][  0]LogMeshUtilities: Using SimplygonSwarm for distributed automatic mesh merging
[2022.01.23-21.25.24:204][  0]LogMeshUtilities: No automatic skeletal mesh reduction module available
[2022.01.23-21.25.24:204][  0]LogMeshUtilities: No automatic mesh merging module available
[2022.01.23-21.25.24:795][  0]LogNetVersion: Gra , NetCL: 3452394, EngineNetVer: 2, GameNetVer: 0 (Checksum: 2670884730)
[2022.01.23-21.25.24:888][  0]LogInit: WinSock: version 1.1 (2.2), MaxSocks=32767, MaxUdp=65467
[2022.01.23-21.25.26:129][  0]LogMoviePlayer: Initializing movie player
[2022.01.23-21.25.26:536][  0]LogCollectionManager: Loaded 0 collections in 0.000776 seconds
[2022.01.23-21.25.26:593][  0]LogFileCache: Scanning file cache for directory 'D:/PROJEKTY UE/Gra/Saved/Collections/' took 0.01s
[2022.01.23-21.25.26:593][  0]LogFileCache: Scanning file cache for directory 'D:/PROJEKTY UE/Gra/Content/Developers/mateu/Collections/' took 0.01s
[2022.01.23-21.25.26:593][  0]LogFileCache: Scanning file cache for directory 'D:/PROJEKTY UE/Gra/Content/Collections/' took 0.01s
[2022.01.23-21.25.26:593][  0]LogCollectionManager: Rebuilt the object cache for 0 collections in 0.000002 seconds (found 0 objects)
[2022.01.23-21.25.26:593][  0]LogCollectionManager: Fixed up redirectors for 0 collections in 0.000033 seconds (updated 0 objects)
[2022.01.23-21.25.26:741][  0]LogTcpMessaging: Initializing TcpMessaging bridge
[2022.01.23-21.25.26:778][  0]LogUdpMessaging: Initializing bridge on interface 0.0.0.0:0 to multicast group 230.0.0.1:6666.
[2022.01.23-21.25.27:177][  0]SourceControl: Info Source control is disabled
[2022.01.23-21.25.27:177][  0]SourceControl: Info Source control is disabled
[2022.01.23-21.25.27:220][  0]SourceControl: Info Source control is disabled
[2022.01.23-21.25.27:471][  0]LogAndroidPermission: UAndroidPermissionCallbackProxy::GetInstance
[2022.01.23-21.25.27:857][  0]LogUObjectArray: 37220 objects as part of root set at end of initial load.
[2022.01.23-21.25.27:857][  0]LogUObjectAllocator: 8398848 out of 0 bytes used by permanent object pool.
[2022.01.23-21.25.27:857][  0]LogUObjectArray: CloseDisregardForGC: 0/0 objects in disregard for GC pool
[2022.01.23-21.25.27:962][  0]LogEngine: Initializing Engine...
[2022.01.23-21.25.27:963][  0]LogHMD: Failed to initialize OpenVR with code 110
[2022.01.23-21.25.28:140][  0]LogStats: UGameplayTagsManager::ConstructGameplayTagTree: Construct from data asset -  0.000 s
[2022.01.23-21.25.28:140][  0]LogStats: UGameplayTagsManager::ConstructGameplayTagTree: GameplayTagTreeChangedEvent.Broadcast -  0.000 s
[2022.01.23-21.25.28:165][  0]LogInit: XAudio2 using 'Głośniki (C-Media USB Headphone Set  )' : 2 channels at 48 kHz using 16 bits per sample (channel mask 0x3)
[2022.01.23-21.25.28:181][  0]LogInit: FAudioDevice initialized.
[2022.01.23-21.25.28:204][  0]LogInit: Texture streaming: Enabled
[2022.01.23-21.25.28:221][  0]LogMaterial: Uniform references updated for custom material expression Custom.
[2022.01.23-21.25.28:481][  0]LogSlateStyle:Warning: Unable to find Slate Widget Style 'NormalText'. Using FTextBlockStyle defaults instead.
[2022.01.23-21.25.28:481][  0]LogSlateStyle:Warning: Unable to find Slate Widget Style 'SpinBox'. Using FSpinBoxStyle defaults instead.
[2022.01.23-21.25.28:707][  0]LogInit:Display: Game Engine Initialized.
[2022.01.23-21.25.28:876][  0]LogInit:Display: Starting Game.
[2022.01.23-21.25.28:896][  0]LogNet: Browse: /Temp/Autosaves/Game/UEDPCMapa1?Name=Player
[2022.01.23-21.25.28:897][  0]LogLoad: LoadMap: /Temp/Autosaves/Game/UEDPCMapa1?Name=Player
[2022.01.23-21.25.28:944][  0]LogMemory: Platform Memory Stats for Windows
[2022.01.23-21.25.28:944][  0]LogMemory: Process Physical Memory: 818.96 MB used, 916.66 MB peak
[2022.01.23-21.25.28:944][  0]LogMemory: Process Virtual Memory: 930.93 MB used, 980.54 MB peak
[2022.01.23-21.25.28:944][  0]LogMemory: Physical Memory: 8571.83 MB used,  7696.11 MB free, 16267.94 MB total
[2022.01.23-21.25.28:944][  0]LogMemory: Virtual Memory: 5789.57 MB used,  7696.11 MB free, 134217728.00 MB total
[2022.01.23-21.25.28:944][  0]LogMemory: 
[2022.01.23-21.25.28:944][  0]Allocator Stats for TBB: (not implemented)
[2022.01.23-21.25.29:241][  0]LogAIModule: Creating AISystem for world Mapa1
[2022.01.23-21.25.29:401][  0]LogLoad: Game class is 'ThirdPersonGameMode_C'
[2022.01.23-21.25.29:406][  0]LogWorld: Bringing World /Temp/Autosaves/Game/UEDPCMapa1.Mapa1 up for play (max tick rate 0) at 2022.01.23-22.25.29
[2022.01.23-21.25.29:407][  0]LogWorld: Bringing up level for play took: 0.002976
[2022.01.23-21.25.29:412][  0]LogLoad: Took 0.515900 seconds to LoadMap(/Temp/Autosaves/Game/UEDPCMapa1)
[2022.01.23-21.25.29:674][  0]LogRenderer: Reallocating scene render targets to support 1280x720 NumSamples 1 (Frame:1).
[2022.01.23-21.25.29:674][  0]LogLoad: (Engine Initialization) Total time: 10.91 seconds
[2022.01.23-21.25.29:674][  0]LogLoad: (Engine Initialization) Total Blueprint compile time: 0.14 seconds
[2022.01.23-21.25.29:674][  0]LogExternalProfiler: No external profilers were discovered.  External profiling features will not be available.
[2022.01.23-21.25.29:692][  0]LogOcInput: OculusInput pre-init called
[2022.01.23-21.25.29:692][  0]LogHMD: Starting GearVRController plugin
[2022.01.23-21.25.57:246][688]LogWindowsTextInputMethodSystem:Display: IME system now deactivated.
[2022.01.23-21.25.57:253][688]LogEngine: All Windows Closed
[2022.01.23-21.25.57:253][688]LogWindows: FPlatformMisc::RequestExit(0)
[2022.01.23-21.25.58:025][689]LogExit: Preparing to exit.
[2022.01.23-21.25.58:025][689]LogMoviePlayer: Shutting down movie player
[2022.01.23-21.25.58:823][689]LogExit: Game engine shut down
[2022.01.23-21.25.58:879][689]LogObj: Freed 0b from 0 cluster array pools.
[2022.01.23-21.25.58:879][689]LogExit: Object subsystem successfully closed.
[2022.01.23-21.25.58:901][689]LogD3D11RHI: Shutdown
[2022.01.23-21.25.58:901][689]LogD3D11RHI: CleanupD3DDevice
[2022.01.23-21.25.58:976][689]LogD3D11RHI: ~FD3D11DynamicRHI
[2022.01.23-21.25.58:981][689]LogModuleManager: Shutting down and abandoning module SequenceRecorderSections (296)
[2022.01.23-21.25.58:981][689]LogModuleManager: Shutting down and abandoning module SequenceRecorder (294)
[2022.01.23-21.25.58:981][689]LogModuleManager: Shutting down and abandoning module AutomationController (292)
[2022.01.23-21.25.58:981][689]LogModuleManager: Shutting down and abandoning module AutomationWorker (290)
[2022.01.23-21.25.58:981][689]LogModuleManager: Shutting down and abandoning module AIModule (288)
[2022.01.23-21.25.58:981][689]LogModuleManager: Shutting down and abandoning module GameplayDebugger (287)
[2022.01.23-21.25.58:981][689]LogModuleManager: Shutting down and abandoning module AITestSuite (285)
[2022.01.23-21.25.58:981][689]LogModuleManager: Shutting down and abandoning module WmfMediaFactory (282)
[2022.01.23-21.25.58:981][689]LogModuleManager: Shutting down and abandoning module AvfMediaFactory (280)
[2022.01.23-21.25.58:981][689]LogModuleManager: Shutting down and abandoning module AndroidMediaFactory (278)
[2022.01.23-21.25.58:981][689]LogModuleManager: Shutting down and abandoning module Media (277)
[2022.01.23-21.25.58:981][689]LogModuleManager: Shutting down and abandoning module CharacterAI (274)
[2022.01.23-21.25.58:981][689]LogModuleManager: Shutting down and abandoning module SessionServices (272)
[2022.01.23-21.25.58:981][689]LogModuleManager: Shutting down and abandoning module MovieSceneCapture (270)
[2022.01.23-21.25.58:981][689]LogModuleManager: Shutting down and abandoning module MovieSceneTracks (268)
[2022.01.23-21.25.58:981][689]LogModuleManager: Shutting down and abandoning module MovieScene (266)
[2022.01.23-21.25.58:981][689]LogModuleManager: Shutting down and abandoning module GeometryCache (264)
[2022.01.23-21.25.58:981][689]LogModuleManager: Shutting down and abandoning module GeometryCacheEd (263)
[2022.01.23-21.25.58:981][689]LogModuleManager: Shutting down and abandoning module Niagara (260)
[2022.01.23-21.25.58:981][689]LogModuleManager: Shutting down and abandoning module NiagaraEditor (259)
[2022.01.23-21.25.58:982][689]LogModuleManager: Shutting down and abandoning module StreamingPauseRendering (256)
[2022.01.23-21.25.58:982][689]LogModuleManager: Shutting down and abandoning module PortalServices (254)
[2022.01.23-21.25.58:982][689]LogModuleManager: Shutting down and abandoning module PortalRpc (252)
[2022.01.23-21.25.58:982][689]LogModuleManager: Shutting down and abandoning module MessagingRpc (250)
[2022.01.23-21.25.58:982][689]LogModuleManager: Shutting down and abandoning module ProfilerService (248)
[2022.01.23-21.25.58:988][689]LogModuleManager: Shutting down and abandoning module TaskGraph (246)
[2022.01.23-21.25.58:988][689]LogModuleManager: Shutting down and abandoning module SteamVRController (244)
[2022.01.23-21.25.58:988][689]LogModuleManager: Shutting down and abandoning module SteamVR (242)
[2022.01.23-21.25.58:988][689]LogModuleManager: Shutting down and abandoning module ProceduralMeshComponent (240)
[2022.01.23-21.25.58:988][689]LogModuleManager: Shutting down and abandoning module OculusLibrary (238)
[2022.01.23-21.25.58:988][689]LogModuleManager: Shutting down and abandoning module OculusInput (236)
[2022.01.23-21.25.58:988][689]LogModuleManager: Shutting down and abandoning module MobilePatchingUtils (234)
[2022.01.23-21.25.58:988][689]LogModuleManager: Shutting down and abandoning module CustomMeshComponent (232)
[2022.01.23-21.25.58:988][689]LogModuleManager: Shutting down and abandoning module CableComponent (230)
[2022.01.23-21.25.58:988][689]LogModuleManager: Shutting down and abandoning module ArchVisCharacter (228)
[2022.01.23-21.25.58:988][689]LogModuleManager: Shutting down and abandoning module AndroidPermission (226)
[2022.01.23-21.25.58:988][689]LogModuleManager: Shutting down and abandoning module HTML5Networking (222)
[2022.01.23-21.25.58:988][689]LogModuleManager: Shutting down and abandoning module VisualStudioSourceCodeAccess (220)
[2022.01.23-21.25.58:988][689]LogModuleManager: Shutting down and abandoning module DesktopPlatform (219)
[2022.01.23-21.25.58:988][689]LogModuleManager: Shutting down and abandoning module HotReload (217)
[2022.01.23-21.25.58:988][689]LogModuleManager: Shutting down and abandoning module UObjectPlugin (214)
[2022.01.23-21.25.58:988][689]LogModuleManager: Shutting down and abandoning module SubversionSourceControl (212)
[2022.01.23-21.25.58:988][689]LogModuleManager: Shutting down and abandoning module PerforceSourceControl (210)
[2022.01.23-21.25.58:988][689]LogModuleManager: Shutting down and abandoning module SourceControl (209)
[2022.01.23-21.25.58:988][689]LogModuleManager: Shutting down and abandoning module PhysXVehiclesEditor (206)
[2022.01.23-21.25.58:988][689]LogModuleManager: Shutting down and abandoning module PhysXVehicles (204)
[2022.01.23-21.25.58:988][689]LogModuleManager: Shutting down and abandoning module LocationServicesBPLibrary (202)
[2022.01.23-21.25.58:988][689]LogModuleManager: Shutting down and abandoning module ImmediatePhysicsEditor (200)
[2022.01.23-21.25.58:988][689]LogModuleManager: Shutting down and abandoning module ImmediatePhysics (198)
[2022.01.23-21.25.58:988][689]LogModuleManager: Shutting down and abandoning module UdpMessaging (196)
[2022.01.23-21.25.59:089][689]LogModuleManager: Shutting down and abandoning module TcpMessaging (194)
